This is pdfTeX, Version 3.14159265-2.6-1.40.16 (TeX Live 2015) (preloaded format=pdftex 2016.4.6)  19 APR 2016 10:27
entering extended mode
 restricted \write18 enabled.
 file:line:error style messages enabled.
 %&-line parsing enabled.
**/Users/charleshamesse/Documents/EPB/INFO-H410/Summary/chap7-9.tex
(/Users/charleshamesse/Documents/EPB/INFO-H410/Summary/chap7-9.tex
/Users/charleshamesse/Documents/EPB/INFO-H410/Summary/chap7-9.tex:2: Undefined control sequence.
l.2 \chapter
            {Evaluation of hypothesis and computational learning theory}
The control sequence at the end of the top line
of your error message was never \def'ed. If you have
misspelled it (e.g., `\hobx'), type `I' and the correct
spelling (e.g., `I\hbox'). Otherwise just continue,
and I'll forget about whatever was undefined.

/Users/charleshamesse/Documents/EPB/INFO-H410/Summary/chap7-9.tex:3: Undefined control sequence.
l.3 \chapter
            {Data, text and graph mining}
The control sequence at the end of the top line
of your error message was never \def'ed. If you have
misspelled it (e.g., `\hobx'), type `I' and the correct
spelling (e.g., `I\hbox'). Otherwise just continue,
and I'll forget about whatever was undefined.

/Users/charleshamesse/Documents/EPB/INFO-H410/Summary/chap7-9.tex:5: Undefined control sequence.
l.5 \section
            {Data warehouses}
The control sequence at the end of the top line
of your error message was never \def'ed. If you have
misspelled it (e.g., `\hobx'), type `I' and the correct
spelling (e.g., `I\hbox'). Otherwise just continue,
and I'll forget about whatever was undefined.

/Users/charleshamesse/Documents/EPB/INFO-H410/Summary/chap7-9.tex:6: Undefined control sequence.
l.6 \paragraph
              {Preparing the data} It is a key step in the data mining proce...
The control sequence at the end of the top line
of your error message was never \def'ed. If you have
misspelled it (e.g., `\hobx'), type `I' and the correct
spelling (e.g., `I\hbox'). Otherwise just continue,
and I'll forget about whatever was undefined.

/Users/charleshamesse/Documents/EPB/INFO-H410/Summary/chap7-9.tex:8: Undefined control sequence.
l.8 \paragraph
              {The main techniques of data mining}
The control sequence at the end of the top line
of your error message was never \def'ed. If you have
misspelled it (e.g., `\hobx'), type `I' and the correct
spelling (e.g., `I\hbox'). Otherwise just continue,
and I'll forget about whatever was undefined.

/Users/charleshamesse/Documents/EPB/INFO-H410/Summary/chap7-9.tex:9: Undefined control sequence.
l.9 \begin
          {itemize}
The control sequence at the end of the top line
of your error message was never \def'ed. If you have
misspelled it (e.g., `\hobx'), type `I' and the correct
spelling (e.g., `I\hbox'). Otherwise just continue,
and I'll forget about whatever was undefined.

/Users/charleshamesse/Documents/EPB/INFO-H410/Summary/chap7-9.tex:11: Undefined control sequence.
l.11 ...r detection (check if some data is \textit
                                                  {unusual}, e.g. detect fra...
The control sequence at the end of the top line
of your error message was never \def'ed. If you have
misspelled it (e.g., `\hobx'), type `I' and the correct
spelling (e.g., `I\hbox'). Otherwise just continue,
and I'll forget about whatever was undefined.

[1{/Users/charleshamesse/Library/texlive/2014basic/texmf-var/fonts/map/pdftex/updmap/pdftex.map}] )</usr/local/texlive/2014basic/texmf-dist/fonts/type1/public/amsfonts/cm/cmr10.pfb>
Output written on /Users/charleshamesse/Documents/EPB/INFO-H410/Summary/.texpadtmp/chap7-9.pdf (1 page, 19809 bytes).
PDF statistics:
 12 PDF objects out of 1000 (max. 8388607)
 7 compressed objects within 1 object stream
 0 named destinations out of 1000 (max. 500000)
 1 words of extra memory for PDF output out of 10000 (max. 10000000)

